[gpgproperty.com.au/Index/News.html]
[gpgproperty.com.au/index.html]
[backblue.gif]
[fade.gif]
[index.html]
[gpgproperty.com.au/Content/Site.css]
[gpgproperty.com.au/Scripts/ellipsis.js]
[gpgproperty.com.au/Scripts/jquery-1.8.2.js]
[gpgproperty.com.au/Scripts/client.js]
[gpgproperty.com.au/Content/lib/GPG.png]
[gpgproperty.com.au/Index/Home.html]
[gpgproperty.com.au/Index/SubCatalog/1.html]
[gpgproperty.com.au/Index/SubCatalog/2.html]
[gpgproperty.com.au/Index/Index.html]
[gpgproperty.com.au/Index/Catalog/1.html]
[gpgproperty.com.au/Index/Catalog/3.html]
[gpgproperty.com.au/Index/Catalog/2.html]
[gpgproperty.com.au/Index/Catalog/4.html]
[gpgproperty.com.au/Index/SubCatalog/3.html]
[gpgproperty.com.au/Index/SubCatalog/4.html]
[gpgproperty.com.au/Index/ContactUs.html]
[gpgproperty.com.au/Index/Property/5.html]
[gpgproperty.com.au/Index/Agent.html]
[gpgproperty.com.au/Index/Property/4.html]
[gpgproperty.com.au/Index/Property/3.html]
[gpgproperty.com.au/Content/lib/social/facebook.png]
[gpgproperty.com.au/Content/lib/social/linkedin.png]
[gpgproperty.com.au/Content/lib/social/youtube.png]
[gpgproperty.com.au/Content/lib/social/twitter.png]
[gpgproperty.com.au/index.html]
[gpgproperty.com.au/Index/Property/6.html]
[gpgproperty.com.au/Index/News.html]
[gpgproperty.com.au/Content/lib/Orange.png]
[gpgproperty.com.au/Content/lib/spec.png]
[gpgproperty.com.au/Scripts/jquery-ui-1.8.24.js]
[gpgproperty.com.au/Content/Site.css]
[gpgproperty.com.au/Index/Index.html]
[gpgproperty.com.au/Index/News/20.html]
[gpgproperty.com.au/Index/News/19.html]
[gpgproperty.com.au/Index/News/18.html]
[gpgproperty.com.au/Index/News/16.html]
[gpgproperty.com.au/Index/News/15.html]
[gpgproperty.com.au/Index/News/14.html]
[gpgproperty.com.au/Index/News/13.html]
[gpgproperty.com.au/Index/News/12.html]
[gpgproperty.com.au/Index/News/11.html]
[gpgproperty.com.au/Index/Home.html]
[gpgproperty.com.au/Index/Catalog/1.html]
[gpgproperty.com.au/Index/News/10.html]
[gpgproperty.com.au/Index/SubCatalog/1.html]
[gpgproperty.com.au/Index/SubCatalog/2.html]
[gpgproperty.com.au/Index/Catalog/2.html]
[gpgproperty.com.au/Index/Catalog/3.html]
[gpgproperty.com.au/Index/Catalog/4.html]
[gpgproperty.com.au/Index/SubCatalog/3.html]
[gpgproperty.com.au/Index/SubCatalog/4.html]
[gpgproperty.com.au/Index/ContactUs.html]
[gpgproperty.com.au/Content/lib/profile.jpg]
[gpgproperty.com.au/Index/Agent.html]
[gpgproperty.com.au/Scripts/gallery/css/jquery.galleryview-3.0-dev.css]
[gpgproperty.com.au/Scripts/gallery/js/jquery.easing.1.3.js]
[gpgproperty.com.au/Scripts/gallery/js/jquery.timers-1.2.js]
[gpgproperty.com.au/Index/Property/6.html]
[gpgproperty.com.au/Scripts/gallery/js/jquery.galleryview-3.0-dev.js]
[gpgproperty.com.au/Index/Property/5.html]
[gpgproperty.com.au/Index/Property/4.html]
[gpgproperty.com.au/Index/Property/3.html]
[gpgproperty.com.au/Index/Agent/2.html]
[gpgproperty.com.au/Index/Agent/2.html]
[gpgproperty.com.au/Index/Agent/6.html]
[gpgproperty.com.au/Index/Agent/6.html]
[gpgproperty.com.au/Content/lib/Banner.html]
[gpgproperty.com.au/Index/News/20.html]
[gpgproperty.com.au/Index/News/19.html]
[gpgproperty.com.au/Index/News/18.html]
[gpgproperty.com.au/Index/News/16.html]
[gpgproperty.com.au/Index/News/15.html]
[gpgproperty.com.au/Index/News/14.html]
[gpgproperty.com.au/Index/News/13.html]
[gpgproperty.com.au/Index/News/12.html]
[gpgproperty.com.au/Index/News/11.html]
[gpgproperty.com.au/Index/News/10.html]
[gpgproperty.com.au/Scripts/gallery/css/img-loader.gif]
[gpgproperty.com.au/Scripts/gallery/css/themes/light/info.png]
[gpgproperty.com.au/Scripts/gallery/css/themes/light/play-big.png]
[gpgproperty.com.au/Scripts/gallery/css/themes/light/pause-big.png]
[gpgproperty.com.au/Scripts/gallery/css/themes/light/next.png]
[gpgproperty.com.au/Scripts/gallery/css/themes/light/prev.png]
[gpgproperty.com.au/Scripts/gallery/css/themes/light/panel-next.png]
[gpgproperty.com.au/Scripts/gallery/css/themes/light/panel-prev.png]
[gpgproperty.com.au/Scripts/gallery/css/jquery.galleryview-3.0-dev.css]
